# JRE version: OpenJDK Runtime Environment (8.0_152-b02) (build 1.8.0_152-release-1024-b02)
# Java VM: OpenJDK 64-Bit Server VM (25.152-b02 mixed mode windows-amd64 compressed oops)
Heap:
 PSYoungGen      total 481792K, used 217446K [0x00000000e0000000, 0x0000000100000000, 0x0000000100000000)
  eden space 440832K, 40% used [0x00000000e0000000,0x00000000eac5bf98,0x00000000fae80000)
  from space 40960K, 99% used [0x00000000fae80000,0x00000000fd67dbb0,0x00000000fd680000)
  to   space 42496K, 0% used [0x00000000fd680000,0x00000000fd680000,0x0000000100000000)
 ParOldGen       total 199168K, used 75297K [0x00000000a0000000, 0x00000000ac280000, 0x00000000e0000000)
  object space 199168K, 37% used [0x00000000a0000000,0x00000000a4988458,0x00000000ac280000)
 Metaspace       used 120950K, capacity 128500K, committed 128792K, reserved 1161216K
  class space    used 15357K, capacity 16904K, committed 16944K, reserved 1048576K
GC Heap History (10 events):
Event: 477.603 GC heap before
{Heap before GC invocations=25 (full 4):
 PSYoungGen      total 475136K, used 442368K [0x00000000e0000000, 0x0000000100000000, 0x0000000100000000)
  eden space 442368K, 100% used [0x00000000e0000000,0x00000000fb000000,0x00000000fb000000)
  from space 32768K, 0% used [0x00000000fe000000,0x00000000fe000000,0x0000000100000000)
  to   space 40960K, 0% used [0x00000000fb000000,0x00000000fb000000,0x00000000fd800000)
 ParOldGen       total 199168K, used 72408K [0x00000000a0000000, 0x00000000ac280000, 0x00000000e0000000)
  object space 199168K, 36% used [0x00000000a0000000,0x00000000a46b6080,0x00000000ac280000)
 Metaspace       used 105079K, capacity 110776K, committed 111128K, reserved 1146880K
  class space    used 13367K, capacity 14534K, committed 14640K, reserved 1048576K
Event: 477.659 GC heap after
Heap after GC invocations=25 (full 4):
 PSYoungGen      total 470016K, used 27487K [0x00000000e0000000, 0x0000000100000000, 0x0000000100000000)
  eden space 442368K, 0% used [0x00000000e0000000,0x00000000e0000000,0x00000000fb000000)
  from space 27648K, 99% used [0x00000000fb000000,0x00000000fcad7cf0,0x00000000fcb00000)
  to   space 42496K, 0% used [0x00000000fd680000,0x00000000fd680000,0x0000000100000000)
 ParOldGen       total 199168K, used 72416K [0x00000000a0000000, 0x00000000ac280000, 0x00000000e0000000)
  object space 199168K, 36% used [0x00000000a0000000,0x00000000a46b8080,0x00000000ac280000)
 Metaspace       used 105079K, capacity 110776K, committed 111128K, reserved 1146880K
  class space    used 13367K, capacity 14534K, committed 14640K, reserved 1048576K
}
Event: 503.163 GC heap before
{Heap before GC invocations=26 (full 4):
 PSYoungGen      total 470016K, used 469360K [0x00000000e0000000, 0x0000000100000000, 0x0000000100000000)
  eden space 442368K, 99% used [0x00000000e0000000,0x00000000faf84460,0x00000000fb000000)
  from space 27648K, 99% used [0x00000000fb000000,0x00000000fcad7cf0,0x00000000fcb00000)
  to   space 42496K, 0% used [0x00000000fd680000,0x00000000fd680000,0x0000000100000000)
 ParOldGen       total 199168K, used 72416K [0x00000000a0000000, 0x00000000ac280000, 0x00000000e0000000)
  object space 199168K, 36% used [0x00000000a0000000,0x00000000a46b8080,0x00000000ac280000)
 Metaspace       used 105434K, capacity 111222K, committed 111384K, reserved 1146880K
  class space    used 13381K, capacity 14555K, committed 14640K, reserved 1048576K
Event: 503.209 GC heap after
Heap after GC invocations=26 (full 4):
 PSYoungGen      total 483328K, used 21241K [0x00000000e0000000, 0x0000000100000000, 0x0000000100000000)
  eden space 440832K, 0% used [0x00000000e0000000,0x00000000e0000000,0x00000000fae80000)
  from space 42496K, 49% used [0x00000000fd680000,0x00000000feb3e7b0,0x0000000100000000)
  to   space 40960K, 0% used [0x00000000fae80000,0x00000000fae80000,0x00000000fd680000)
 ParOldGen       total 199168K, used 72424K [0x00000000a0000000, 0x00000000ac280000, 0x00000000e0000000)
  object space 199168K, 36% used [0x00000000a0000000,0x00000000a46ba080,0x00000000ac280000)
 Metaspace       used 105434K, capacity 111222K, committed 111384K, reserved 1146880K
  class space    used 13381K, capacity 14555K, committed 14640K, reserved 1048576K
}
Event: 516.678 GC heap before
{Heap before GC invocations=27 (full 4):
 PSYoungGen      total 483328K, used 462073K [0x00000000e0000000, 0x0000000100000000, 0x0000000100000000)
  eden space 440832K, 100% used [0x00000000e0000000,0x00000000fae80000,0x00000000fae80000)
  from space 42496K, 49% used [0x00000000fd680000,0x00000000feb3e7b0,0x0000000100000000)
  to   space 40960K, 0% used [0x00000000fae80000,0x00000000fae80000,0x00000000fd680000)
 ParOldGen       total 199168K, used 72424K [0x00000000a0000000, 0x00000000ac280000, 0x00000000e0000000)
  object space 199168K, 36% used [0x00000000a0000000,0x00000000a46ba080,0x00000000ac280000)
 Metaspace       used 105610K, capacity 111362K, committed 111640K, reserved 1146880K
  class space    used 13383K, capacity 14557K, committed 14640K, reserved 1048576K
Event: 516.721 GC heap after
Heap after GC invocations=27 (full 4):
 PSYoungGen      total 481792K, used 24842K [0x00000000e0000000, 0x00000000ffe80000, 0x0000000100000000)
  eden space 440832K, 0% used [0x00000000e0000000,0x00000000e0000000,0x00000000fae80000)
  from space 40960K, 60% used [0x00000000fae80000,0x00000000fc6c2ae0,0x00000000fd680000)
  to   space 40960K, 0% used [0x00000000fd680000,0x00000000fd680000,0x00000000ffe80000)
 ParOldGen       total 199168K, used 72432K [0x00000000a0000000, 0x00000000ac280000, 0x00000000e0000000)
  object space 199168K, 36% used [0x00000000a0000000,0x00000000a46bc080,0x00000000ac280000)
 Metaspace       used 105610K, capacity 111362K, committed 111640K, reserved 1146880K
  class space    used 13383K, capacity 14557K, committed 14640K, reserved 1048576K
}
Event: 522.077 GC heap before
{Heap before GC invocations=28 (full 4):
 PSYoungGen      total 481792K, used 465459K [0x00000000e0000000, 0x00000000ffe80000, 0x0000000100000000)
  eden space 440832K, 99% used [0x00000000e0000000,0x00000000fae4a4c8,0x00000000fae80000)
  from space 40960K, 60% used [0x00000000fae80000,0x00000000fc6c2ae0,0x00000000fd680000)
  to   space 40960K, 0% used [0x00000000fd680000,0x00000000fd680000,0x00000000ffe80000)
 ParOldGen       total 199168K, used 72432K [0x00000000a0000000, 0x00000000ac280000, 0x00000000e0000000)
  object space 199168K, 36% used [0x00000000a0000000,0x00000000a46bc080,0x00000000ac280000)
 Metaspace       used 105651K, capacity 111426K, committed 111640K, reserved 1146880K
  class space    used 13383K, capacity 14557K, committed 14640K, reserved 1048576K
Event: 522.107 GC heap after
Heap after GC invocations=28 (full 4):
 PSYoungGen      total 481792K, used 24885K [0x00000000e0000000, 0x0000000100000000, 0x0000000100000000)
  eden space 440832K, 0% used [0x00000000e0000000,0x00000000e0000000,0x00000000fae80000)
  from space 40960K, 60% used [0x00000000fd680000,0x00000000feecd470,0x00000000ffe80000)
  to   space 40960K, 0% used [0x00000000fae80000,0x00000000fae80000,0x00000000fd680000)
 ParOldGen       total 199168K, used 72440K [0x00000000a0000000, 0x00000000ac280000, 0x00000000e0000000)
  object space 199168K, 36% used [0x00000000a0000000,0x00000000a46be080,0x00000000ac280000)
 Metaspace       used 105651K, capacity 111426K, committed 111640K, reserved 1146880K
  class space    used 13383K, capacity 14557K, committed 14640K, reserved 1048576K
}
Event: 731.201 GC heap before
{Heap before GC invocations=29 (full 4):
 PSYoungGen      total 481792K, used 465717K [0x00000000e0000000, 0x0000000100000000, 0x0000000100000000)
  eden space 440832K, 100% used [0x00000000e0000000,0x00000000fae80000,0x00000000fae80000)
  from space 40960K, 60% used [0x00000000fd680000,0x00000000feecd470,0x00000000ffe80000)
  to   space 40960K, 0% used [0x00000000fae80000,0x00000000fae80000,0x00000000fd680000)
 ParOldGen       total 199168K, used 72440K [0x00000000a0000000, 0x00000000ac280000, 0x00000000e0000000)
  object space 199168K, 36% used [0x00000000a0000000,0x00000000a46be080,0x00000000ac280000)
 Metaspace       used 118080K, capacity 125380K, committed 125720K, reserved 1159168K
  class space    used 15094K, capacity 16577K, committed 16688K, reserved 1048576K
Event: 731.245 GC heap after
Heap after GC invocations=29 (full 4):
 PSYoungGen      total 481792K, used 40950K [0x00000000e0000000, 0x0000000100000000, 0x0000000100000000)
  eden space 440832K, 0% used [0x00000000e0000000,0x00000000e0000000,0x00000000fae80000)
  from space 40960K, 99% used [0x00000000fae80000,0x00000000fd67dbb0,0x00000000fd680000)
  to   space 42496K, 0% used [0x00000000fd680000,0x00000000fd680000,0x0000000100000000)
 ParOldGen       total 199168K, used 75297K [0x00000000a0000000, 0x00000000ac280000, 0x00000000e0000000)
  object space 199168K, 37% used [0x00000000a0000000,0x00000000a4988458,0x00000000ac280000)
 Metaspace       used 118080K, capacity 125380K, committed 125720K, reserved 1159168K
  class space    used 15094K, capacity 16577K, committed 16688K, reserved 1048576K
}

